\BOOKMARK [1][-]{section*.1}{\376\377\000R\000e\000m\000e\000r\000c\000i\000e\000m\000e\000n\000t\000s}{}% 1
\BOOKMARK [1][-]{section*.1}{\376\377\000T\000a\000b\000l\000e\000\040\000d\000e\000s\000\040\000i\000l\000l\000u\000s\000t\000r\000a\000t\000i\000o\000n\000s}{}% 2
\BOOKMARK [1][-]{section*.3}{\376\377\000R\000\351\000s\000u\000m\000\351}{}% 3
\BOOKMARK [1][-]{section*.4}{\376\377\000A\000b\000s\000t\000r\000a\000c\000t}{}% 4
\BOOKMARK [1][-]{section*.4}{\376\377\000T\000a\000b\000l\000e\000\040\000d\000e\000s\000\040\000m\000a\000t\000i\000\350\000r\000e\000s}{}% 5
\BOOKMARK [1][-]{section*.6}{\376\377\000I\000n\000t\000r\000o\000d\000u\000c\000t\000i\000o\000n}{}% 6
\BOOKMARK [1][-]{section.1}{\376\377\000C\000o\000n\000t\000e\000x\000t\000e\000\040\000d\000u\000\040\000p\000r\000o\000j\000e\000t}{}% 7
\BOOKMARK [2][-]{subsection.1.1}{\376\377\000I\000n\000t\000r\000o\000d\000u\000c\000t\000i\000o\000n\000\040\000a\000u\000\040\000F\000u\000l\000l\000\040\000S\000t\000a\000c\000k}{section.1}% 8
\BOOKMARK [2][-]{subsection.1.2}{\376\377\000P\000r\000i\000n\000c\000i\000p\000a\000l\000e\000s\000\040\000f\000o\000n\000c\000t\000i\000o\000n\000n\000a\000l\000i\000t\000\351\000s\000\040\000d\000e\000\040\000n\000o\000t\000r\000e\000\040\000s\000i\000t\000e\000\040\000w\000e\000b}{section.1}% 9
\BOOKMARK [2][-]{subsection.1.3}{\376\377\000A\000n\000a\000l\000y\000s\000e\000\040\000d\000e\000s\000\040\000p\000r\000o\000b\000l\000\350\000m\000e\000s}{section.1}% 10
\BOOKMARK [1][-]{section.2}{\376\377\000R\000\351\000a\000l\000i\000s\000a\000t\000i\000o\000n\000\040\000e\000t\000\040\000c\000o\000n\000c\000e\000p\000t\000i\000o\000n}{}% 11
\BOOKMARK [2][-]{subsection.2.1}{\376\377\000N\000o\000s\000\040\000c\000h\000o\000i\000x}{section.2}% 12
\BOOKMARK [3][-]{subsubsection.2.1.1}{\376\377\000L\000e\000\040\000B\000a\000c\000k\000\040\000d\000e\000\040\000n\000o\000t\000r\000e\000\040\000s\000i\000t\000e}{subsection.2.1}% 13
\BOOKMARK [3][-]{subsubsection.2.1.2}{\376\377\000L\000e\000\040\000F\000r\000o\000n\000t}{subsection.2.1}% 14
\BOOKMARK [3][-]{subsubsection.2.1.3}{\376\377\000L\000a\000\040\000b\000a\000s\000e\000\040\000d\000e\000\040\000d\000o\000n\000n\000\351\000e}{subsection.2.1}% 15
\BOOKMARK [3][-]{subsubsection.2.1.4}{\376\377\000C\000h\000o\000i\000x\000\040\000d\000e\000s\000\040\000A\000P\000I\000s}{subsection.2.1}% 16
\BOOKMARK [3][-]{subsubsection.2.1.5}{\376\377\000C\000h\000a\000r\000t\000e\000s\000\040\000g\000r\000a\000p\000h\000i\000q\000u\000e\000s}{subsection.2.1}% 17
\BOOKMARK [2][-]{subsection.2.2}{\376\377\000D\000e\000s\000c\000r\000i\000p\000t\000i\000o\000n\000\040\000d\000\351\000t\000a\000i\000l\000l\000\351\000e}{section.2}% 18
\BOOKMARK [3][-]{subsubsection.2.2.1}{\376\377\000G\000e\000s\000t\000i\000o\000n\000\040\000d\000e\000s\000\040\000c\000o\000m\000p\000t\000e\000s}{subsection.2.2}% 19
\BOOKMARK [3][-]{subsubsection.2.2.2}{\376\377\000G\000e\000s\000t\000i\000o\000n\000\040\000d\000e\000s\000\040\000p\000a\000r\000o\000l\000e\000s}{subsection.2.2}% 20
\BOOKMARK [3][-]{subsubsection.2.2.3}{\376\377\000G\000e\000s\000t\000i\000o\000n\000\040\000d\000e\000s\000\040\000d\000o\000s\000s\000i\000e\000r\000s\000\040\000p\000l\000a\000y\000l\000i\000s\000t}{subsection.2.2}% 21
\BOOKMARK [2][-]{subsection.2.3}{\376\377\000L\000e\000\040\000d\000\351\000r\000o\000u\000l\000e\000m\000e\000n\000t\000\040\000d\000u\000\040\000p\000r\000o\000j\000e\000t}{section.2}% 22
\BOOKMARK [3][-]{subsubsection.2.3.1}{\376\377\000E\000x\000e\000m\000p\000l\000e\000\040\000c\000o\000m\000p\000l\000e\000t\000\040\000d\000'\000u\000n\000\040\000S\000p\000r\000i\000n\000t}{subsection.2.3}% 23
\BOOKMARK [3][-]{subsubsection.2.3.2}{\376\377\000N\000o\000s\000\040\000d\000i\000f\000f\000\351\000r\000e\000n\000t\000s\000\040\000S\000p\000r\000i\000n\000t\000s\000\040\000e\000f\000f\000e\000c\000t\000u\000\351\000s}{subsection.2.3}% 24
\BOOKMARK [3][-]{subsubsection.2.3.3}{\376\377\000E\000m\000b\000e\000l\000l\000i\000s\000s\000e\000m\000e\000n\000t\000\040\000d\000u\000\040\000f\000r\000o\000n\000t}{subsection.2.3}% 25
\BOOKMARK [3][-]{subsubsection.2.3.4}{\376\377\000L\000e\000\040\000p\000a\000r\000t\000a\000g\000e\000\040\000d\000u\000\040\000t\000r\000a\000v\000a\000i\000l}{subsection.2.3}% 26
\BOOKMARK [1][-]{section.3}{\376\377\000R\000\351\000s\000u\000l\000t\000a\000t\000s\000\040\000e\000t\000\040\000d\000i\000s\000c\000u\000s\000s\000i\000o\000n\000s}{}% 27
\BOOKMARK [2][-]{subsection.3.1}{\376\377\000P\000r\000i\000s\000e\000\040\000e\000n\000\040\000M\000a\000i\000n\000\040\000d\000e\000\040\000l\000'\000A\000p\000p\000l\000i\000c\000a\000t\000i\000o\000n\000\040\000W\000e\000b}{section.3}% 28
\BOOKMARK [3][-]{subsubsection.3.1.1}{\376\377\000C\000o\000m\000m\000e\000n\000t\000\040\000l\000a\000n\000c\000e\000r\000\040\000l\000'\000A\000p\000p\000l\000i\000c\000a\000t\000i\000o\000n\000\040\000W\000e\000b}{subsection.3.1}% 29
\BOOKMARK [3][-]{subsubsection.3.1.2}{\376\377\000A\000r\000r\000i\000v\000\351\000e\000\040\000s\000u\000r\000\040\000l\000e\000\040\000s\000i\000t\000e}{subsection.3.1}% 30
\BOOKMARK [3][-]{subsubsection.3.1.3}{\376\377\000P\000a\000r\000t\000i\000e\000\040\000E\000n\000t\000r\000a\000i\000n\000e\000m\000e\000n\000t}{subsection.3.1}% 31
\BOOKMARK [3][-]{subsubsection.3.1.4}{\376\377\000I\000n\000s\000c\000r\000i\000p\000t\000i\000o\000n}{subsection.3.1}% 32
\BOOKMARK [3][-]{subsubsection.3.1.5}{\376\377\000C\000o\000n\000n\000e\000x\000i\000o\000n}{subsection.3.1}% 33
\BOOKMARK [3][-]{subsubsection.3.1.6}{\376\377\000M\000e\000n\000u\000\040\000d\000e\000\040\000l\000'\000u\000t\000i\000l\000i\000s\000a\000t\000e\000u\000r}{subsection.3.1}% 34
\BOOKMARK [2][-]{subsection.3.2}{\376\377\000D\000i\000s\000c\000u\000s\000s\000i\000o\000n\000s\000\040\000e\000t\000\040\000p\000e\000r\000s\000p\000e\000c\000t\000i\000v\000e\000s}{section.3}% 35
\BOOKMARK [1][-]{section*.27}{\376\377\000C\000o\000n\000c\000l\000u\000s\000i\000o\000n}{}% 36
\BOOKMARK [1][-]{section*.28}{\376\377\000R\000\351\000f\000\351\000r\000e\000n\000c\000e\000\040\000b\000i\000b\000l\000i\000o\000g\000r\000a\000p\000h\000i\000q\000u\000e}{}% 37
\BOOKMARK [1][-]{section*.28}{\376\377\000G\000l\000o\000s\000s\000a\000i\000r\000e}{}% 38
