This is pdfTeX, Version 3.141592653-2.6-1.40.22 (TeX Live 2022/dev/Debian) (preloaded format=pdflatex 2023.1.13)  1 MAR 2023 23:42
entering extended mode
 restricted \write18 enabled.
 %&-line parsing enabled.
**rapport.tex
(./rapport.tex
LaTeX2e <2021-11-15> patch level 1
L3 programming layer <2022-01-21>
(/usr/share/texlive/texmf-dist/tex/latex/base/article.cls
Document Class: article 2021/10/04 v1.4n Standard LaTeX document class
(/usr/share/texlive/texmf-dist/tex/latex/base/size12.clo
File: size12.clo 2021/10/04 v1.4n Standard LaTeX file (size option)
)
\c@part=\count185
\c@section=\count186
\c@subsection=\count187
\c@subsubsection=\count188
\c@paragraph=\count189
\c@subparagraph=\count190
\c@figure=\count191
\c@table=\count192
\abovecaptionskip=\skip47
\belowcaptionskip=\skip48
\bibindent=\dimen138
)
(/usr/share/texlive/texmf-dist/tex/latex/base/inputenc.sty
Package: inputenc 2021/02/14 v1.3d Input encoding file
\inpenc@prehook=\toks16
\inpenc@posthook=\toks17
)
(/usr/share/texlive/texmf-dist/tex/latex/base/fontenc.sty
Package: fontenc 2021/04/29 v2.0v Standard LaTeX package
)
(/usr/share/texmf/tex/latex/lm/lmodern.sty
Package: lmodern 2009/10/30 v1.6 Latin Modern Fonts
LaTeX Font Info:    Overwriting symbol font `operators' in version `normal'
(Font)                  OT1/cmr/m/n --> OT1/lmr/m/n on input line 22.
LaTeX Font Info:    Overwriting symbol font `letters' in version `normal'
(Font)                  OML/cmm/m/it --> OML/lmm/m/it on input line 23.
LaTeX Font Info:    Overwriting symbol font `symbols' in version `normal'
(Font)                  OMS/cmsy/m/n --> OMS/lmsy/m/n on input line 24.
LaTeX Font Info:    Overwriting symbol font `largesymbols' in version `normal'
(Font)                  OMX/cmex/m/n --> OMX/lmex/m/n on input line 25.
LaTeX Font Info:    Overwriting symbol font `operators' in version `bold'
(Font)                  OT1/cmr/bx/n --> OT1/lmr/bx/n on input line 26.
LaTeX Font Info:    Overwriting symbol font `letters' in version `bold'
(Font)                  OML/cmm/b/it --> OML/lmm/b/it on input line 27.
LaTeX Font Info:    Overwriting symbol font `symbols' in version `bold'
(Font)                  OMS/cmsy/b/n --> OMS/lmsy/b/n on input line 28.
LaTeX Font Info:    Overwriting symbol font `largesymbols' in version `bold'
(Font)                  OMX/cmex/m/n --> OMX/lmex/m/n on input line 29.
LaTeX Font Info:    Overwriting math alphabet `\mathbf' in version `normal'
(Font)                  OT1/cmr/bx/n --> OT1/lmr/bx/n on input line 31.
LaTeX Font Info:    Overwriting math alphabet `\mathsf' in version `normal'
(Font)                  OT1/cmss/m/n --> OT1/lmss/m/n on input line 32.
LaTeX Font Info:    Overwriting math alphabet `\mathit' in version `normal'
(Font)                  OT1/cmr/m/it --> OT1/lmr/m/it on input line 33.
LaTeX Font Info:    Overwriting math alphabet `\mathtt' in version `normal'
(Font)                  OT1/cmtt/m/n --> OT1/lmtt/m/n on input line 34.
LaTeX Font Info:    Overwriting math alphabet `\mathbf' in version `bold'
(Font)                  OT1/cmr/bx/n --> OT1/lmr/bx/n on input line 35.
LaTeX Font Info:    Overwriting math alphabet `\mathsf' in version `bold'
(Font)                  OT1/cmss/bx/n --> OT1/lmss/bx/n on input line 36.
LaTeX Font Info:    Overwriting math alphabet `\mathit' in version `bold'
(Font)                  OT1/cmr/bx/it --> OT1/lmr/bx/it on input line 37.
LaTeX Font Info:    Overwriting math alphabet `\mathtt' in version `bold'
(Font)                  OT1/cmtt/m/n --> OT1/lmtt/m/n on input line 38.
)
(/usr/share/texlive/texmf-dist/tex/latex/geometry/geometry.sty
Package: geometry 2020/01/02 v5.9 Page Geometry

(/usr/share/texlive/texmf-dist/tex/latex/graphics/keyval.sty
Package: keyval 2014/10/28 v1.15 key=value parser (DPC)
\KV@toks@=\toks18
)
(/usr/share/texlive/texmf-dist/tex/generic/iftex/ifvtex.sty
Package: ifvtex 2019/10/25 v1.7 ifvtex legacy package. Use iftex instead.

(/usr/share/texlive/texmf-dist/tex/generic/iftex/iftex.sty
Package: iftex 2020/03/06 v1.0d TeX engine tests
))
\Gm@cnth=\count193
\Gm@cntv=\count194
\c@Gm@tempcnt=\count195
\Gm@bindingoffset=\dimen139
\Gm@wd@mp=\dimen140
\Gm@odd@mp=\dimen141
\Gm@even@mp=\dimen142
\Gm@layoutwidth=\dimen143
\Gm@layoutheight=\dimen144
\Gm@layouthoffset=\dimen145
\Gm@layoutvoffset=\dimen146
\Gm@dimlist=\toks19
)
(/usr/share/texlive/texmf-dist/tex/latex/amsmath/amsmath.sty
Package: amsmath 2021/10/15 v2.17l AMS math features
\@mathmargin=\skip49

For additional information on amsmath, use the `?' option.
(/usr/share/texlive/texmf-dist/tex/latex/amsmath/amstext.sty
Package: amstext 2021/08/26 v2.01 AMS text

(/usr/share/texlive/texmf-dist/tex/latex/amsmath/amsgen.sty
File: amsgen.sty 1999/11/30 v2.0 generic functions
\@emptytoks=\toks20
\ex@=\dimen147
))
(/usr/share/texlive/texmf-dist/tex/latex/amsmath/amsbsy.sty
Package: amsbsy 1999/11/29 v1.2d Bold Symbols
\pmbraise@=\dimen148
)
(/usr/share/texlive/texmf-dist/tex/latex/amsmath/amsopn.sty
Package: amsopn 2021/08/26 v2.02 operator names
)
\inf@bad=\count196
LaTeX Info: Redefining \frac on input line 234.
\uproot@=\count197
\leftroot@=\count198
LaTeX Info: Redefining \overline on input line 399.
\classnum@=\count199
\DOTSCASE@=\count266
LaTeX Info: Redefining \ldots on input line 496.
LaTeX Info: Redefining \dots on input line 499.
LaTeX Info: Redefining \cdots on input line 620.
\Mathstrutbox@=\box50
\strutbox@=\box51
\big@size=\dimen149
LaTeX Font Info:    Redeclaring font encoding OML on input line 743.
LaTeX Font Info:    Redeclaring font encoding OMS on input line 744.
\macc@depth=\count267
\c@MaxMatrixCols=\count268
\dotsspace@=\muskip16
\c@parentequation=\count269
\dspbrk@lvl=\count270
\tag@help=\toks21
\row@=\count271
\column@=\count272
\maxfields@=\count273
\andhelp@=\toks22
\eqnshift@=\dimen150
\alignsep@=\dimen151
\tagshift@=\dimen152
\tagwidth@=\dimen153
\totwidth@=\dimen154
\lineht@=\dimen155
\@envbody=\toks23
\multlinegap=\skip50
\multlinetaggap=\skip51
\mathdisplay@stack=\toks24
LaTeX Info: Redefining \[ on input line 2938.
LaTeX Info: Redefining \] on input line 2939.
)
(/usr/share/texlive/texmf-dist/tex/latex/amsfonts/amssymb.sty
Package: amssymb 2013/01/14 v3.01 AMS font symbols

(/usr/share/texlive/texmf-dist/tex/latex/amsfonts/amsfonts.sty
Package: amsfonts 2013/01/14 v3.01 Basic AMSFonts support
\symAMSa=\mathgroup4
\symAMSb=\mathgroup5
LaTeX Font Info:    Redeclaring math symbol \hbar on input line 98.
LaTeX Font Info:    Overwriting math alphabet `\mathfrak' in version `bold'
(Font)                  U/euf/m/n --> U/euf/b/n on input line 106.
))
(/usr/share/texlive/texmf-dist/tex/latex/amscls/amsthm.sty
Package: amsthm 2020/05/29 v2.20.6
\thm@style=\toks25
\thm@bodyfont=\toks26
\thm@headfont=\toks27
\thm@notefont=\toks28
\thm@headpunct=\toks29
\thm@preskip=\skip52
\thm@postskip=\skip53
\thm@headsep=\skip54
\dth@everypar=\toks30
)
(/usr/share/texlive/texmf-dist/tex/latex/fancyhdr/fancyhdr.sty
Package: fancyhdr 2021/01/28 v4.0.1 Extensive control of page headers and foote
rs
\f@nch@headwidth=\skip55
\f@nch@O@elh=\skip56
\f@nch@O@erh=\skip57
\f@nch@O@olh=\skip58
\f@nch@O@orh=\skip59
\f@nch@O@elf=\skip60
\f@nch@O@erf=\skip61
\f@nch@O@olf=\skip62
\f@nch@O@orf=\skip63
)
(/usr/share/texlive/texmf-dist/tex/latex/lastpage/lastpage.sty
Package: lastpage 2021/09/03 v1.2n Refers to last page's name (HMM; JPG)
)
(/usr/share/texlive/texmf-dist/tex/latex/graphics/graphicx.sty
Package: graphicx 2021/09/16 v1.2d Enhanced LaTeX Graphics (DPC,SPQR)

(/usr/share/texlive/texmf-dist/tex/latex/graphics/graphics.sty
Package: graphics 2021/03/04 v1.4d Standard LaTeX Graphics (DPC,SPQR)

(/usr/share/texlive/texmf-dist/tex/latex/graphics/trig.sty
Package: trig 2021/08/11 v1.11 sin cos tan (DPC)
)
(/usr/share/texlive/texmf-dist/tex/latex/graphics-cfg/graphics.cfg
File: graphics.cfg 2016/06/04 v1.11 sample graphics configuration
)
Package graphics Info: Driver file: pdftex.def on input line 107.

(/usr/share/texlive/texmf-dist/tex/latex/graphics-def/pdftex.def
File: pdftex.def 2020/10/05 v1.2a Graphics/color driver for pdftex
))
\Gin@req@height=\dimen156
\Gin@req@width=\dimen157
)
(/usr/share/texlive/texmf-dist/tex/latex/doublestroke/dsfont.sty
Package: dsfont 1995/08/01 v0.1 Double stroke roman fonts
)
(/usr/share/texlive/texmf-dist/tex/latex/float/float.sty
Package: float 2001/11/08 v1.3d Float enhancements (AL)
\c@float@type=\count274
\float@exts=\toks31
\float@box=\box52
\@float@everytoks=\toks32
\@floatcapt=\box53
)
(/usr/share/texlive/texmf-dist/tex/latex/hyperref/hyperref.sty
Package: hyperref 2021-06-07 v7.00m Hypertext links for LaTeX

(/usr/share/texlive/texmf-dist/tex/generic/ltxcmds/ltxcmds.sty
Package: ltxcmds 2020-05-10 v1.25 LaTeX kernel commands for general use (HO)
)
(/usr/share/texlive/texmf-dist/tex/generic/pdftexcmds/pdftexcmds.sty
Package: pdftexcmds 2020-06-27 v0.33 Utility functions of pdfTeX for LuaTeX (HO
)

(/usr/share/texlive/texmf-dist/tex/generic/infwarerr/infwarerr.sty
Package: infwarerr 2019/12/03 v1.5 Providing info/warning/error messages (HO)
)
Package pdftexcmds Info: \pdf@primitive is available.
Package pdftexcmds Info: \pdf@ifprimitive is available.
Package pdftexcmds Info: \pdfdraftmode found.
)
(/usr/share/texlive/texmf-dist/tex/generic/kvsetkeys/kvsetkeys.sty
Package: kvsetkeys 2019/12/15 v1.18 Key value parser (HO)
)
(/usr/share/texlive/texmf-dist/tex/generic/kvdefinekeys/kvdefinekeys.sty
Package: kvdefinekeys 2019-12-19 v1.6 Define keys (HO)
)
(/usr/share/texlive/texmf-dist/tex/generic/pdfescape/pdfescape.sty
Package: pdfescape 2019/12/09 v1.15 Implements pdfTeX's escape features (HO)
)
(/usr/share/texlive/texmf-dist/tex/latex/hycolor/hycolor.sty
Package: hycolor 2020-01-27 v1.10 Color options for hyperref/bookmark (HO)
)
(/usr/share/texlive/texmf-dist/tex/latex/letltxmacro/letltxmacro.sty
Package: letltxmacro 2019/12/03 v1.6 Let assignment for LaTeX macros (HO)
)
(/usr/share/texlive/texmf-dist/tex/latex/auxhook/auxhook.sty
Package: auxhook 2019-12-17 v1.6 Hooks for auxiliary files (HO)
)
(/usr/share/texlive/texmf-dist/tex/latex/kvoptions/kvoptions.sty
Package: kvoptions 2020-10-07 v3.14 Key value format for package options (HO)
)
\@linkdim=\dimen158
\Hy@linkcounter=\count275
\Hy@pagecounter=\count276

(/usr/share/texlive/texmf-dist/tex/latex/hyperref/pd1enc.def
File: pd1enc.def 2021-06-07 v7.00m Hyperref: PDFDocEncoding definition (HO)
Now handling font encoding PD1 ...
... no UTF-8 mapping file for font encoding PD1
)
(/usr/share/texlive/texmf-dist/tex/latex/hyperref/hyperref-langpatches.def
File: hyperref-langpatches.def 2021-06-07 v7.00m Hyperref: patches for babel la
nguages
)
(/usr/share/texlive/texmf-dist/tex/generic/intcalc/intcalc.sty
Package: intcalc 2019/12/15 v1.3 Expandable calculations with integers (HO)
)
(/usr/share/texlive/texmf-dist/tex/generic/etexcmds/etexcmds.sty
Package: etexcmds 2019/12/15 v1.7 Avoid name clashes with e-TeX commands (HO)
)
\Hy@SavedSpaceFactor=\count277

(/usr/share/texlive/texmf-dist/tex/latex/hyperref/puenc.def
File: puenc.def 2021-06-07 v7.00m Hyperref: PDF Unicode definition (HO)
Now handling font encoding PU ...
... no UTF-8 mapping file for font encoding PU
)
Package hyperref Info: Hyper figures OFF on input line 4192.
Package hyperref Info: Link nesting OFF on input line 4197.
Package hyperref Info: Hyper index ON on input line 4200.
Package hyperref Info: Plain pages OFF on input line 4207.
Package hyperref Info: Backreferencing OFF on input line 4212.
Package hyperref Info: Implicit mode ON; LaTeX internals redefined.
Package hyperref Info: Bookmarks ON on input line 4445.
\c@Hy@tempcnt=\count278

(/usr/share/texlive/texmf-dist/tex/latex/url/url.sty
\Urlmuskip=\muskip17
Package: url 2013/09/16  ver 3.4  Verb mode for urls, etc.
)
LaTeX Info: Redefining \url on input line 4804.
\XeTeXLinkMargin=\dimen159

(/usr/share/texlive/texmf-dist/tex/generic/bitset/bitset.sty
Package: bitset 2019/12/09 v1.3 Handle bit-vector datatype (HO)

(/usr/share/texlive/texmf-dist/tex/generic/bigintcalc/bigintcalc.sty
Package: bigintcalc 2019/12/15 v1.5 Expandable calculations on big integers (HO
)
))
\Fld@menulength=\count279
\Field@Width=\dimen160
\Fld@charsize=\dimen161
Package hyperref Info: Hyper figures OFF on input line 6076.
Package hyperref Info: Link nesting OFF on input line 6081.
Package hyperref Info: Hyper index ON on input line 6084.
Package hyperref Info: backreferencing OFF on input line 6091.
Package hyperref Info: Link coloring OFF on input line 6096.
Package hyperref Info: Link coloring with OCG OFF on input line 6101.
Package hyperref Info: PDF/A mode OFF on input line 6106.
LaTeX Info: Redefining \ref on input line 6146.
LaTeX Info: Redefining \pageref on input line 6150.

(/usr/share/texlive/texmf-dist/tex/latex/base/atbegshi-ltx.sty
Package: atbegshi-ltx 2021/01/10 v1.0c Emulation of the original atbegshi
package with kernel methods
)
\Hy@abspage=\count280
\c@Item=\count281
\c@Hfootnote=\count282
)
Package hyperref Info: Driver (autodetected): hpdftex.

(/usr/share/texlive/texmf-dist/tex/latex/hyperref/hpdftex.def
File: hpdftex.def 2021-06-07 v7.00m Hyperref driver for pdfTeX

(/usr/share/texlive/texmf-dist/tex/latex/base/atveryend-ltx.sty
Package: atveryend-ltx 2020/08/19 v1.0a Emulation of the original atveryend pac
kage
with kernel methods
)
\Fld@listcount=\count283
\c@bookmark@seq@number=\count284

(/usr/share/texlive/texmf-dist/tex/latex/rerunfilecheck/rerunfilecheck.sty
Package: rerunfilecheck 2019/12/05 v1.9 Rerun checks for auxiliary files (HO)

(/usr/share/texlive/texmf-dist/tex/generic/uniquecounter/uniquecounter.sty
Package: uniquecounter 2019/12/15 v1.4 Provide unlimited unique counter (HO)
)
Package uniquecounter Info: New unique counter `rerunfilecheck' on input line 2
86.
)
\Hy@SectionHShift=\skip64
)
(/usr/share/texlive/texmf-dist/tex/latex/tools/calc.sty
Package: calc 2017/05/25 v4.3 Infix arithmetic (KKT,FJ)
\calc@Acount=\count285
\calc@Bcount=\count286
\calc@Adimen=\dimen162
\calc@Bdimen=\dimen163
\calc@Askip=\skip65
\calc@Bskip=\skip66
LaTeX Info: Redefining \setlength on input line 80.
LaTeX Info: Redefining \addtolength on input line 81.
\calc@Ccount=\count287
\calc@Cskip=\skip67
)
(/usr/share/texlive/texmf-dist/tex/latex/graphics/color.sty
Package: color 2021/12/07 v1.3c Standard LaTeX Color (DPC)

(/usr/share/texlive/texmf-dist/tex/latex/graphics-cfg/color.cfg
File: color.cfg 2016/01/02 v1.6 sample color configuration
)
Package color Info: Driver file: pdftex.def on input line 149.
)
(/usr/share/texlive/texmf-dist/tex/latex/xcolor/xcolor.sty
Package: xcolor 2021/10/31 v2.13 LaTeX color extensions (UK)

(/usr/share/texlive/texmf-dist/tex/latex/graphics-cfg/color.cfg
File: color.cfg 2016/01/02 v1.6 sample color configuration
)
Package xcolor Info: Driver file: pdftex.def on input line 227.
LaTeX Info: Redefining \color on input line 711.
Package xcolor Info: Model `cmy' substituted by `cmy0' on input line 1352.
Package xcolor Info: Model `hsb' substituted by `rgb' on input line 1356.
Package xcolor Info: Model `RGB' extended on input line 1368.
Package xcolor Info: Model `HTML' substituted by `rgb' on input line 1370.
Package xcolor Info: Model `Hsb' substituted by `hsb' on input line 1371.
Package xcolor Info: Model `tHsb' substituted by `hsb' on input line 1372.
Package xcolor Info: Model `HSB' substituted by `hsb' on input line 1373.
Package xcolor Info: Model `Gray' substituted by `gray' on input line 1374.
Package xcolor Info: Model `wave' substituted by `hsb' on input line 1375.
)
(/usr/share/texlive/texmf-dist/tex/latex/listings/listings.sty
\lst@mode=\count288
\lst@gtempboxa=\box54
\lst@token=\toks33
\lst@length=\count289
\lst@currlwidth=\dimen164
\lst@column=\count290
\lst@pos=\count291
\lst@lostspace=\dimen165
\lst@width=\dimen166
\lst@newlines=\count292
\lst@lineno=\count293
\lst@maxwidth=\dimen167

(/usr/share/texlive/texmf-dist/tex/latex/listings/lstmisc.sty
File: lstmisc.sty 2020/03/24 1.8d (Carsten Heinz)
\c@lstnumber=\count294
\lst@skipnumbers=\count295
\lst@framebox=\box55
)
(/usr/share/texlive/texmf-dist/tex/latex/listings/listings.cfg
File: listings.cfg 2020/03/24 1.8d listings configuration
))
Package: listings 2020/03/24 1.8d (Carsten Heinz)

(/usr/share/texlive/texmf-dist/tex/latex/glossaries/base/glossaries.sty
Package: glossaries 2021/11/01 v4.49 (NLCT)

(/usr/share/texlive/texmf-dist/tex/latex/base/ifthen.sty
Package: ifthen 2020/11/24 v1.1c Standard LaTeX ifthen package (DPC)
)
(/usr/share/texlive/texmf-dist/tex/latex/xkeyval/xkeyval.sty
Package: xkeyval 2020/11/20 v2.8 package option processing (HA)

(/usr/share/texlive/texmf-dist/tex/generic/xkeyval/xkeyval.tex
(/usr/share/texlive/texmf-dist/tex/generic/xkeyval/xkvutils.tex
\XKV@toks=\toks34
\XKV@tempa@toks=\toks35
)
\XKV@depth=\count296
File: xkeyval.tex 2014/12/03 v2.7a key=value parser (HA)
))
(/usr/share/texlive/texmf-dist/tex/latex/mfirstuc/mfirstuc.sty
Package: mfirstuc 2021/10/15 v2.07 (NLCT)

(/usr/share/texlive/texmf-dist/tex/latex/etoolbox/etoolbox.sty
Package: etoolbox 2020/10/05 v2.5k e-TeX tools for LaTeX (JAW)
\etb@tempcnta=\count297
)
\@glsmfirst=\toks36
\@glsmrest=\toks37
)
(/usr/share/texlive/texmf-dist/tex/latex/textcase/textcase.sty
Package: textcase 2019/09/14 v1.00 Text only upper/lower case changing (DPC)
)
(/usr/share/texlive/texmf-dist/tex/latex/xfor/xfor.sty
Package: xfor 2009/02/05 v1.05 (NLCT)
)
(/usr/share/texlive/texmf-dist/tex/latex/datatool/datatool-base.sty
Package: datatool-base 2019/09/27 v2.32 (NLCT)

(/usr/share/texlive/texmf-dist/tex/latex/substr/substr.sty
Package: substr 2009/10/20 v1.2 Handle substrings
\c@su@anzahl=\count298
)
(/usr/share/texlive/texmf-dist/tex/latex/datatool/datatool-fp.sty
Package: datatool-fp 2019/09/27 v2.32 (NLCT)

(/usr/share/texlive/texmf-dist/tex/latex/fp/fp.sty
Package: fp 1995/04/02

`Fixed Point Package', Version 0.8, April 2, 1995 (C) Michael Mehlich
(/usr/share/texlive/texmf-dist/tex/latex/fp/defpattern.sty
Package: defpattern 1994/10/12
\actioncount=\count299
)
(/usr/share/texlive/texmf-dist/tex/latex/fp/fp-basic.sty
Package: fp-basic 1996/05/13
\FP@xs=\count300
\FP@xia=\count301
\FP@xib=\count302
\FP@xfa=\count303
\FP@xfb=\count304
\FP@rega=\count305
\FP@regb=\count306
\FP@regs=\count307
\FP@times=\count308
)
(/usr/share/texlive/texmf-dist/tex/latex/fp/fp-addons.sty
Package: fp-addons 1995/03/15
)
(/usr/share/texlive/texmf-dist/tex/latex/fp/fp-snap.sty
Package: fp-snap 1995/04/05
)
(/usr/share/texlive/texmf-dist/tex/latex/fp/fp-exp.sty
Package: fp-exp 1995/04/03
)
(/usr/share/texlive/texmf-dist/tex/latex/fp/fp-trigo.sty
Package: fp-trigo 1995/04/14
)
(/usr/share/texlive/texmf-dist/tex/latex/fp/fp-pas.sty
Package: fp-pas 1994/08/29
)
(/usr/share/texlive/texmf-dist/tex/latex/fp/fp-random.sty
Package: fp-random 1995/02/23
\FPseed=\count309
)
(/usr/share/texlive/texmf-dist/tex/latex/fp/fp-eqn.sty
Package: fp-eqn 1995/04/03
)
(/usr/share/texlive/texmf-dist/tex/latex/fp/fp-upn.sty
Package: fp-upn 1996/10/21
)
(/usr/share/texlive/texmf-dist/tex/latex/fp/fp-eval.sty
Package: fp-eval 1995/04/03
)))
\@dtl@toks=\toks38
\@dtl@tmpcount=\count310
\dtl@tmplength=\skip68
\dtl@sortresult=\count311
\@dtl@numgrpsepcount=\count312
\@dtl@datatype=\count313
\dtl@codeA=\count314
\dtl@codeB=\count315
\@dtl@foreach@level=\count316
)
(/usr/share/texlive/texmf-dist/tex/latex/glossaries/base/glossaries-compatible-
307.sty
Package: glossaries-compatible-307 2021/11/01 v4.49 (NLCT)
)
\gls@level=\count317
\@gls@tmpb=\toks39
\gls@tmplen=\skip69
\glskeylisttok=\toks40
\glslabeltok=\toks41
\glsshorttok=\toks42
\glslongtok=\toks43

(/usr/share/texlive/texmf-dist/tex/latex/glossaries/styles/glossary-hypernav.st
y
Package: glossary-hypernav 2021/11/01 v4.49 (NLCT)
) (/usr/share/texlive/texmf-dist/tex/latex/glossaries/styles/glossary-list.sty
Package: glossary-list 2021/11/01 v4.49 (NLCT)
\glslistdottedwidth=\skip70
) (/usr/share/texlive/texmf-dist/tex/latex/glossaries/styles/glossary-long.sty
Package: glossary-long 2021/11/01 v4.49 (NLCT)

(/usr/share/texlive/texmf-dist/tex/latex/tools/longtable.sty
Package: longtable 2021-09-01 v4.17 Multi-page Table package (DPC)
\LTleft=\skip71
\LTright=\skip72
\LTpre=\skip73
\LTpost=\skip74
\LTchunksize=\count318
\LTcapwidth=\dimen168
\LT@head=\box56
\LT@firsthead=\box57
\LT@foot=\box58
\LT@lastfoot=\box59
\LT@gbox=\box60
\LT@cols=\count319
\LT@rows=\count320
\c@LT@tables=\count321
\c@LT@chunks=\count322
\LT@p@ftn=\toks44
)
\glsdescwidth=\skip75
\glspagelistwidth=\skip76
)
(/usr/share/texlive/texmf-dist/tex/latex/glossaries/styles/glossary-super.sty
Package: glossary-super 2021/11/01 v4.49 (NLCT)

(/usr/share/texlive/texmf-dist/tex/latex/supertabular/supertabular.sty
Package: supertabular 2020/02/02 v4.1g the supertabular environment
\c@tracingst=\count323
\ST@wd=\dimen169
\ST@rightskip=\skip77
\ST@leftskip=\skip78
\ST@parfillskip=\skip79
\ST@pageleft=\dimen170
\ST@headht=\dimen171
\ST@tailht=\dimen172
\ST@pagesofar=\dimen173
\ST@pboxht=\dimen174
\ST@lineht=\dimen175
\ST@prevht=\dimen176
\ST@toadd=\dimen177
\ST@dimen=\dimen178
\ST@pbox=\box61
))
(/usr/share/texlive/texmf-dist/tex/latex/glossaries/styles/glossary-tree.sty
Package: glossary-tree 2021/11/01 v4.49 (NLCT)
\glstreeindent=\skip80
))
\glswrite=\write3
\glo@main@file=\write4
\openout4 = `rapport.glo'.

Package glossaries Info: Writing glossary file rapport.glo on input line 28.
\glo@acronym@file=\write5
\openout5 = `rapport.acn'.

Package glossaries Info: Writing glossary file rapport.acn on input line 28.

(/usr/share/texlive/texmf-dist/tex/latex/listings/lstlang1.sty
File: lstlang1.sty 2020/03/24 1.8d listings language file
)
(/usr/share/texlive/texmf-dist/tex/latex/listings/lstmisc.sty
File: lstmisc.sty 2020/03/24 1.8d (Carsten Heinz)
)
(/usr/share/texlive/texmf-dist/tex/latex/koma-script/tocbasic.sty
Package: tocbasic 2021/11/13 v3.35 KOMA-Script package (handling toc-files)

(/usr/share/texlive/texmf-dist/tex/latex/koma-script/scrbase.sty
Package: scrbase 2021/11/13 v3.35 KOMA-Script package (KOMA-Script-independent 
basics and keyval usage)

(/usr/share/texlive/texmf-dist/tex/latex/koma-script/scrlfile.sty
Package: scrlfile 2021/11/13 v3.35 KOMA-Script package (file load hooks)

(/usr/share/texlive/texmf-dist/tex/latex/koma-script/scrlfile-hook.sty
Package: scrlfile-hook 2021/11/13 v3.35 KOMA-Script package (using LaTeX hooks)


(/usr/share/texlive/texmf-dist/tex/latex/koma-script/scrlogo.sty
Package: scrlogo 2021/11/13 v3.35 KOMA-Script package (logo)
)))
Applying: [2021/05/01] Usage of raw or classic option list on input line 252.
Already applied: [0000/00/00] Usage of raw or classic option list on input line
 368.
)
\scr@dte@tocline@numberwidth=\skip81
\scr@dte@tocline@numbox=\box62
)
\scr@dte@section@maxnumwidth=\skip82
LaTeX Font Info:    Trying to load font information for T1+lmr on input line 25
4.

(/usr/share/texmf/tex/latex/lm/t1lmr.fd
File: t1lmr.fd 2009/10/30 v1.6 Font defs for Latin Modern
)
(/usr/share/texlive/texmf-dist/tex/latex/l3backend/l3backend-pdftex.def
File: l3backend-pdftex.def 2022-01-12 L3 backend support: PDF output (pdfTeX)
\l__color_backend_stack_int=\count324
\l__pdf_internal_box=\box63
)
(./rapport.aux)
\openout1 = `rapport.aux'.

LaTeX Font Info:    Checking defaults for OML/cmm/m/it on input line 254.
LaTeX Font Info:    ... okay on input line 254.
LaTeX Font Info:    Checking defaults for OMS/cmsy/m/n on input line 254.
LaTeX Font Info:    ... okay on input line 254.
LaTeX Font Info:    Checking defaults for OT1/cmr/m/n on input line 254.
LaTeX Font Info:    ... okay on input line 254.
LaTeX Font Info:    Checking defaults for T1/cmr/m/n on input line 254.
LaTeX Font Info:    ... okay on input line 254.
LaTeX Font Info:    Checking defaults for TS1/cmr/m/n on input line 254.
LaTeX Font Info:    ... okay on input line 254.
LaTeX Font Info:    Checking defaults for OMX/cmex/m/n on input line 254.
LaTeX Font Info:    ... okay on input line 254.
LaTeX Font Info:    Checking defaults for U/cmr/m/n on input line 254.
LaTeX Font Info:    ... okay on input line 254.
LaTeX Font Info:    Checking defaults for PD1/pdf/m/n on input line 254.
LaTeX Font Info:    ... okay on input line 254.
LaTeX Font Info:    Checking defaults for PU/pdf/m/n on input line 254.
LaTeX Font Info:    ... okay on input line 254.

*geometry* driver: auto-detecting
*geometry* detected driver: pdftex
*geometry* verbose mode - [ preamble ] result:
* driver: pdftex
* paper: <default>
* layout: <same size as paper>
* layoutoffset:(h,v)=(0.0pt,0.0pt)
* modes: 
* h-part:(L,W,R)=(85.35826pt, 472.03123pt, 56.9055pt)
* v-part:(T,H,B)=(71.13188pt, 652.70622pt, 71.13188pt)
* \paperwidth=614.295pt
* \paperheight=794.96999pt
* \textwidth=472.03123pt
* \textheight=652.70622pt
* \oddsidemargin=13.08827pt
* \evensidemargin=13.08827pt
* \topmargin=-38.1381pt
* \headheight=12.0pt
* \headsep=25.0pt
* \topskip=12.0pt
* \footskip=30.0pt
* \marginparwidth=44.0pt
* \marginparsep=10.0pt
* \columnsep=10.0pt
* \skip\footins=10.8pt plus 4.0pt minus 2.0pt
* \hoffset=0.0pt
* \voffset=0.0pt
* \mag=1000
* \@twocolumnfalse
* \@twosidefalse
* \@mparswitchfalse
* \@reversemarginfalse
* (1in=72.27pt=25.4mm, 1cm=28.453pt)

Package lastpage Info: Please have a look at the pageslts package at
(lastpage)             https://www.ctan.org/pkg/pageslts
(lastpage)             ! on input line 254.
(/usr/share/texlive/texmf-dist/tex/context/base/mkii/supp-pdf.mkii
[Loading MPS to PDF converter (version 2006.09.02).]
\scratchcounter=\count325
\scratchdimen=\dimen179
\scratchbox=\box64
\nofMPsegments=\count326
\nofMParguments=\count327
\everyMPshowfont=\toks45
\MPscratchCnt=\count328
\MPscratchDim=\dimen180
\MPnumerator=\count329
\makeMPintoPDFobject=\count330
\everyMPtoPDFconversion=\toks46
) (/usr/share/texlive/texmf-dist/tex/latex/epstopdf-pkg/epstopdf-base.sty
Package: epstopdf-base 2020-01-24 v2.11 Base part for package epstopdf
Package epstopdf-base Info: Redefining graphics rule for `.eps' on input line 4
85.

(/usr/share/texlive/texmf-dist/tex/latex/latexconfig/epstopdf-sys.cfg
File: epstopdf-sys.cfg 2010/07/13 v1.3 Configuration of (r)epstopdf for TeX Liv
e
))
Package hyperref Info: Link coloring OFF on input line 254.

(/usr/share/texlive/texmf-dist/tex/latex/hyperref/nameref.sty
Package: nameref 2021-04-02 v2.47 Cross-referencing by name of section

(/usr/share/texlive/texmf-dist/tex/latex/refcount/refcount.sty
Package: refcount 2019/12/15 v3.6 Data extraction from label references (HO)
)
(/usr/share/texlive/texmf-dist/tex/generic/gettitlestring/gettitlestring.sty
Package: gettitlestring 2019/12/15 v1.6 Cleanup title references (HO)
)
\c@section@level=\count331
)
LaTeX Info: Redefining \ref on input line 254.
LaTeX Info: Redefining \pageref on input line 254.
LaTeX Info: Redefining \nameref on input line 254.

(./rapport.out) (./rapport.out)
\@outlinefile=\write6
\openout6 = `rapport.out'.

\c@lstlisting=\count332
 (./rapport.glsdefs)
*geometry* verbose mode - [ newgeometry ] result:
* driver: pdftex
* paper: <default>
* layout: <same size as paper>
* layoutoffset:(h,v)=(0.0pt,0.0pt)
* modes: 
* h-part:(L,W,R)=(71.13188pt, 472.03123pt, 71.13188pt)
* v-part:(T,H,B)=(71.13188pt, 652.70622pt, 71.13188pt)
* \paperwidth=614.295pt
* \paperheight=794.96999pt
* \textwidth=472.03123pt
* \textheight=652.70622pt
* \oddsidemargin=-1.1381pt
* \evensidemargin=-1.1381pt
* \topmargin=-38.1381pt
* \headheight=12.0pt
* \headsep=25.0pt
* \topskip=12.0pt
* \footskip=30.0pt
* \marginparwidth=44.0pt
* \marginparsep=10.0pt
* \columnsep=10.0pt
* \skip\footins=10.8pt plus 4.0pt minus 2.0pt
* \hoffset=0.0pt
* \voffset=0.0pt
* \mag=1000
* \@twocolumnfalse
* \@twosidefalse
* \@mparswitchfalse
* \@reversemarginfalse
* (1in=72.27pt=25.4mm, 1cm=28.453pt)

<isima.png, id=153, 537.4479pt x 230.0595pt>
File: isima.png Graphic file (type png)
<use isima.png>
Package pdftex.def Info: isima.png  used on input line 261.
(pdftex.def)             Requested size: 188.10957pt x 80.52202pt.
LaTeX Font Info:    Trying to load font information for OT1+lmr on input line 3
09.

(/usr/share/texmf/tex/latex/lm/ot1lmr.fd
File: ot1lmr.fd 2009/10/30 v1.6 Font defs for Latin Modern
)
LaTeX Font Info:    Trying to load font information for OML+lmm on input line 3
09.

(/usr/share/texmf/tex/latex/lm/omllmm.fd
File: omllmm.fd 2009/10/30 v1.6 Font defs for Latin Modern
)
LaTeX Font Info:    Trying to load font information for OMS+lmsy on input line 
309.

(/usr/share/texmf/tex/latex/lm/omslmsy.fd
File: omslmsy.fd 2009/10/30 v1.6 Font defs for Latin Modern
)
LaTeX Font Info:    Trying to load font information for OMX+lmex on input line 
309.

(/usr/share/texmf/tex/latex/lm/omxlmex.fd
File: omxlmex.fd 2009/10/30 v1.6 Font defs for Latin Modern
)
LaTeX Font Info:    External font `lmex10' loaded for size
(Font)              <12> on input line 309.
LaTeX Font Info:    External font `lmex10' loaded for size
(Font)              <8> on input line 309.
LaTeX Font Info:    External font `lmex10' loaded for size
(Font)              <6> on input line 309.
LaTeX Font Info:    Trying to load font information for U+msa on input line 309
.

(/usr/share/texlive/texmf-dist/tex/latex/amsfonts/umsa.fd
File: umsa.fd 2013/01/14 v3.01 AMS symbols A
)
LaTeX Font Info:    Trying to load font information for U+msb on input line 309
.

(/usr/share/texlive/texmf-dist/tex/latex/amsfonts/umsb.fd
File: umsb.fd 2013/01/14 v3.01 AMS symbols B
) [1

\openout3 = `rapport.ist'.


{/var/lib/texmf/fonts/map/pdftex/updmap/pdftex.map} <./isima.png>] (./rapport.l
of)
\tf@lof=\write7
\openout7 = `rapport.lof'.

<header.png, id=183, 222.8325pt x 133.49875pt>
File: header.png Graphic file (type png)
<use header.png>
Package pdftex.def Info: header.png  used on input line 348.
(pdftex.def)             Requested size: 49.0233pt x 29.3698pt.


Package fancyhdr Warning: \headheight is too small (12.0pt): 
(fancyhdr)                Make it at least 33.71983pt, for example:
(fancyhdr)                \setlength{\headheight}{33.71983pt}.
(fancyhdr)                You might also make \topmargin smaller to compensate:

(fancyhdr)                \addtolength{\topmargin}{-21.71983pt}.

pdfTeX warning (ext4): destination with the same identifier (name{page.1}) has 
been already used, duplicate ignored
<to be read again> 
                   \relax 
l.348 \newpage
               [1

 <./header.png>]
Underfull \hbox (badness 10000) in paragraph at lines 356--358

 []


Underfull \hbox (badness 10000) in paragraph at lines 359--363

 []


Underfull \hbox (badness 10000) in paragraph at lines 367--369

 []


Underfull \hbox (badness 10000) in paragraph at lines 370--374

 []

File: header.png Graphic file (type png)
<use header.png>
Package pdftex.def Info: header.png  used on input line 375.
(pdftex.def)             Requested size: 49.0233pt x 29.3698pt.

Package fancyhdr Warning: \headheight is too small (12.0pt): 
(fancyhdr)                Make it at least 33.71983pt, for example:
(fancyhdr)                \setlength{\headheight}{33.71983pt}.
(fancyhdr)                You might also make \topmargin smaller to compensate:

(fancyhdr)                \addtolength{\topmargin}{-21.71983pt}.

[2] (./rapport.toc
Package tocbasic Info: Using my definition of `\numberline' on input line 1.
Package tocbasic Info: Using my definition of `\numberline' on input line 2.
Package tocbasic Info: Using my definition of `\numberline' on input line 3.
Package tocbasic Info: Using my definition of `\numberline' on input line 4.
Package tocbasic Info: Using my definition of `\numberline' on input line 5.
Package tocbasic Info: Using my definition of `\numberline' on input line 6.
Package tocbasic Info: Using my definition of `\numberline' on input line 7.
Package tocbasic Info: Using my definition of `\numberline' on input line 11.
Package tocbasic Info: Using my definition of `\numberline' on input line 42.
Package tocbasic Info: Using my definition of `\numberline' on input line 56.
Package tocbasic Info: Using my definition of `\numberline' on input line 57.
Package tocbasic Info: Using my definition of `\numberline' on input line 58.
)
\tf@toc=\write8
\openout8 = `rapport.toc'.

File: header.png Graphic file (type png)
<use header.png>
Package pdftex.def Info: header.png  used on input line 382.
(pdftex.def)             Requested size: 49.0233pt x 29.3698pt.


Package fancyhdr Warning: \headheight is too small (12.0pt): 
(fancyhdr)                Make it at least 33.71983pt, for example:
(fancyhdr)                \setlength{\headheight}{33.71983pt}.
(fancyhdr)                You might also make \topmargin smaller to compensate:

(fancyhdr)                \addtolength{\topmargin}{-21.71983pt}.

[3]
<fullstack.png, id=292, 903.375pt x 338.76563pt>
File: fullstack.png Graphic file (type png)
<use fullstack.png>
Package pdftex.def Info: fullstack.png  used on input line 432.
(pdftex.def)             Requested size: 361.3436pt x 135.50385pt.
File: header.png Graphic file (type png)
<use header.png>
Package pdftex.def Info: header.png  used on input line 435.
(pdftex.def)             Requested size: 49.0233pt x 29.3698pt.


Package fancyhdr Warning: \headheight is too small (12.0pt): 
(fancyhdr)                Make it at least 33.71983pt, for example:
(fancyhdr)                \setlength{\headheight}{33.71983pt}.
(fancyhdr)                You might also make \topmargin smaller to compensate:

(fancyhdr)                \addtolength{\topmargin}{-21.71983pt}.

[4]
Underfull \hbox (badness 10000) in paragraph at lines 438--440

 []


Underfull \hbox (badness 10000) in paragraph at lines 441--443

 []


Underfull \hbox (badness 10000) in paragraph at lines 444--446

 []


Underfull \hbox (badness 10000) in paragraph at lines 447--449

 []


Overfull \hbox (3.05905pt too wide) in paragraph at lines 450--452
\T1/lmr/m/n/12 gistrer des chan-sons dans un dossier per-son-nel, qui peut être
 géré di-recte-ment depuis l'interface
 []


Underfull \hbox (badness 10000) in paragraph at lines 450--452

 []

File: header.png Graphic file (type png)
<use header.png>
Package pdftex.def Info: header.png  used on input line 455.
(pdftex.def)             Requested size: 49.0233pt x 29.3698pt.

Package fancyhdr Warning: \headheight is too small (12.0pt): 
(fancyhdr)                Make it at least 33.71983pt, for example:
(fancyhdr)                \setlength{\headheight}{33.71983pt}.
(fancyhdr)                You might also make \topmargin smaller to compensate:

(fancyhdr)                \addtolength{\topmargin}{-21.71983pt}.

[5 <./fullstack.png (PNG copy)>]
Underfull \hbox (badness 10000) in paragraph at lines 462--464

 []


Underfull \hbox (badness 10000) in paragraph at lines 465--467

 []


Underfull \hbox (badness 10000) in paragraph at lines 468--473

 []


Underfull \hbox (badness 10000) in paragraph at lines 474--477

 []


Underfull \hbox (badness 10000) in paragraph at lines 474--477

 []

<ganttprevi.png, id=304, 1022.31938pt x 520.19344pt>
File: ganttprevi.png Graphic file (type png)
<use ganttprevi.png>
Package pdftex.def Info: ganttprevi.png  used on input line 484.
(pdftex.def)             Requested size: 511.15843pt x 260.09607pt.

Overfull \hbox (39.1272pt too wide) in paragraph at lines 484--485
 [][] 
 []

File: header.png Graphic file (type png)
<use header.png>
Package pdftex.def Info: header.png  used on input line 487.
(pdftex.def)             Requested size: 49.0233pt x 29.3698pt.

Package fancyhdr Warning: \headheight is too small (12.0pt): 
(fancyhdr)                Make it at least 33.71983pt, for example:
(fancyhdr)                \setlength{\headheight}{33.71983pt}.
(fancyhdr)                You might also make \topmargin smaller to compensate:

(fancyhdr)                \addtolength{\topmargin}{-21.71983pt}.

[6]
File: header.png Graphic file (type png)
<use header.png>
Package pdftex.def Info: header.png  used on input line 516.
(pdftex.def)             Requested size: 49.0233pt x 29.3698pt.


Package fancyhdr Warning: \headheight is too small (12.0pt): 
(fancyhdr)                Make it at least 33.71983pt, for example:
(fancyhdr)                \setlength{\headheight}{33.71983pt}.
(fancyhdr)                You might also make \topmargin smaller to compensate:

(fancyhdr)                \addtolength{\topmargin}{-21.71983pt}.

[7 <./ganttprevi.PNG>]
LaTeX Font Info:    Trying to load font information for TS1+lmr on input line 5
20.
 (/usr/share/texmf/tex/latex/lm/ts1lmr.fd
File: ts1lmr.fd 2009/10/30 v1.6 Font defs for Latin Modern
)
<api_couche.png, id=332, 4140.46875pt x 1505.625pt>
File: api_couche.png Graphic file (type png)
<use api_couche.png>
Package pdftex.def Info: api_couche.png  used on input line 530.
(pdftex.def)             Requested size: 414.07114pt x 150.57132pt.
<api.png, id=336, 2258.4375pt x 1505.625pt>
File: api.png Graphic file (type png)
<use api.png>
Package pdftex.def Info: api.png  used on input line 541.
(pdftex.def)             Requested size: 361.35739pt x 240.90492pt.
File: header.png Graphic file (type png)
<use header.png>
Package pdftex.def Info: header.png  used on input line 544.
(pdftex.def)             Requested size: 49.0233pt x 29.3698pt.


Package fancyhdr Warning: \headheight is too small (12.0pt): 
(fancyhdr)                Make it at least 33.71983pt, for example:
(fancyhdr)                \setlength{\headheight}{33.71983pt}.
(fancyhdr)                You might also make \topmargin smaller to compensate:

(fancyhdr)                \addtolength{\topmargin}{-21.71983pt}.

[8 <./api_couche.png (PNG copy)>]
File: header.png Graphic file (type png)
<use header.png>
Package pdftex.def Info: header.png  used on input line 572.
(pdftex.def)             Requested size: 49.0233pt x 29.3698pt.


Package fancyhdr Warning: \headheight is too small (12.0pt): 
(fancyhdr)                Make it at least 33.71983pt, for example:
(fancyhdr)                \setlength{\headheight}{33.71983pt}.
(fancyhdr)                You might also make \topmargin smaller to compensate:

(fancyhdr)                \addtolength{\topmargin}{-21.71983pt}.

[9 <./api.png (PNG copy)>]
Underfull \hbox (badness 10000) in paragraph at lines 577--579

 []


Underfull \hbox (badness 10000) in paragraph at lines 580--582

 []

<diag_database.png, id=380, 752.8125pt x 752.8125pt>
File: diag_database.png Graphic file (type png)
<use diag_database.png>
Package pdftex.def Info: diag_database.png  used on input line 591.
(pdftex.def)             Requested size: 225.84549pt x 225.84549pt.
File: header.png Graphic file (type png)
<use header.png>
Package pdftex.def Info: header.png  used on input line 594.
(pdftex.def)             Requested size: 49.0233pt x 29.3698pt.

Package fancyhdr Warning: \headheight is too small (12.0pt): 
(fancyhdr)                Make it at least 33.71983pt, for example:
(fancyhdr)                \setlength{\headheight}{33.71983pt}.
(fancyhdr)                You might also make \topmargin smaller to compensate:

(fancyhdr)                \addtolength{\topmargin}{-21.71983pt}.

[10]
<table.png, id=389, 189.70876pt x 79.04532pt>
File: table.png Graphic file (type png)
<use table.png>
Package pdftex.def Info: table.png  used on input line 597.
(pdftex.def)             Requested size: 189.70828pt x 79.0451pt.

Underfull \hbox (badness 10000) in paragraph at lines 612--613

 []


Underfull \hbox (badness 10000) in paragraph at lines 618--619

 []

File: header.png Graphic file (type png)
<use header.png>
Package pdftex.def Info: header.png  used on input line 619.
(pdftex.def)             Requested size: 49.0233pt x 29.3698pt.

Package fancyhdr Warning: \headheight is too small (12.0pt): 
(fancyhdr)                Make it at least 33.71983pt, for example:
(fancyhdr)                \setlength{\headheight}{33.71983pt}.
(fancyhdr)                You might also make \topmargin smaller to compensate:

(fancyhdr)                \addtolength{\topmargin}{-21.71983pt}.

[11 <./diag_database.png (PNG copy)> <./table.PNG>]
Underfull \hbox (badness 10000) in paragraph at lines 647--649

 []


Underfull \hbox (badness 10000) in paragraph at lines 659--660

 []

File: header.png Graphic file (type png)
<use header.png>
Package pdftex.def Info: header.png  used on input line 660.
(pdftex.def)             Requested size: 49.0233pt x 29.3698pt.

Package fancyhdr Warning: \headheight is too small (12.0pt): 
(fancyhdr)                Make it at least 33.71983pt, for example:
(fancyhdr)                \setlength{\headheight}{33.71983pt}.
(fancyhdr)                You might also make \topmargin smaller to compensate:

(fancyhdr)                \addtolength{\topmargin}{-21.71983pt}.

[12]
Underfull \hbox (badness 10000) in paragraph at lines 664--665

 []


Underfull \hbox (badness 10000) in paragraph at lines 672--673

 []

File: header.png Graphic file (type png)
<use header.png>
Package pdftex.def Info: header.png  used on input line 674.
(pdftex.def)             Requested size: 49.0233pt x 29.3698pt.

Package fancyhdr Warning: \headheight is too small (12.0pt): 
(fancyhdr)                Make it at least 33.71983pt, for example:
(fancyhdr)                \setlength{\headheight}{33.71983pt}.
(fancyhdr)                You might also make \topmargin smaller to compensate:

(fancyhdr)                \addtolength{\topmargin}{-21.71983pt}.

[13]
Underfull \hbox (badness 10000) in paragraph at lines 676--678

 []


Underfull \hbox (badness 10000) in paragraph at lines 676--678

 []


Underfull \hbox (badness 10000) in paragraph at lines 689--690

 []


Underfull \hbox (badness 10000) in paragraph at lines 693--694

 []

File: header.png Graphic file (type png)
<use header.png>
Package pdftex.def Info: header.png  used on input line 694.
(pdftex.def)             Requested size: 49.0233pt x 29.3698pt.

Package fancyhdr Warning: \headheight is too small (12.0pt): 
(fancyhdr)                Make it at least 33.71983pt, for example:
(fancyhdr)                \setlength{\headheight}{33.71983pt}.
(fancyhdr)                You might also make \topmargin smaller to compensate:

(fancyhdr)                \addtolength{\topmargin}{-21.71983pt}.

[14]
Underfull \hbox (badness 10000) in paragraph at lines 701--702

 []


Underfull \hbox (badness 10000) in paragraph at lines 705--706

 []


Underfull \hbox (badness 10000) in paragraph at lines 709--710

 []


Underfull \hbox (badness 10000) in paragraph at lines 713--714

 []

File: header.png Graphic file (type png)
<use header.png>
Package pdftex.def Info: header.png  used on input line 714.
(pdftex.def)             Requested size: 49.0233pt x 29.3698pt.

Package fancyhdr Warning: \headheight is too small (12.0pt): 
(fancyhdr)                Make it at least 33.71983pt, for example:
(fancyhdr)                \setlength{\headheight}{33.71983pt}.
(fancyhdr)                You might also make \topmargin smaller to compensate:

(fancyhdr)                \addtolength{\topmargin}{-21.71983pt}.

[15]
<agile.png, id=476, 176.15813pt x 185.94469pt>
File: agile.png Graphic file (type png)
<use agile.png>
Package pdftex.def Info: agile.png  used on input line 729.
(pdftex.def)             Requested size: 176.15768pt x 185.94421pt.

Underfull \hbox (badness 10000) in paragraph at lines 741--742

 []

File: header.png Graphic file (type png)
<use header.png>
Package pdftex.def Info: header.png  used on input line 742.
(pdftex.def)             Requested size: 49.0233pt x 29.3698pt.

Package fancyhdr Warning: \headheight is too small (12.0pt): 
(fancyhdr)                Make it at least 33.71983pt, for example:
(fancyhdr)                \setlength{\headheight}{33.71983pt}.
(fancyhdr)                You might also make \topmargin smaller to compensate:

(fancyhdr)                \addtolength{\topmargin}{-21.71983pt}.

[16 <./agile.png (PNG copy)>]
Underfull \hbox (badness 10000) in paragraph at lines 751--752

 []


Underfull \hbox (badness 10000) in paragraph at lines 766--767

 []

File: header.png Graphic file (type png)
<use header.png>
Package pdftex.def Info: header.png  used on input line 784.
(pdftex.def)             Requested size: 49.0233pt x 29.3698pt.

Package fancyhdr Warning: \headheight is too small (12.0pt): 
(fancyhdr)                Make it at least 33.71983pt, for example:
(fancyhdr)                \setlength{\headheight}{33.71983pt}.
(fancyhdr)                You might also make \topmargin smaller to compensate:

(fancyhdr)                \addtolength{\topmargin}{-21.71983pt}.

[17]
<avantfront.png, id=508, 983.675pt x 584.1825pt>
File: avantfront.png Graphic file (type png)
<use avantfront.png>
Package pdftex.def Info: avantfront.png  used on input line 797.
(pdftex.def)             Requested size: 245.91815pt x 146.04526pt.

Overfull \hbox (9.90254pt too wide) in paragraph at lines 797--798
 [][] 
 []

<apresfront.png, id=509, 724.7075pt x 843.15pt>
File: apresfront.png Graphic file (type png)
<use apresfront.png>
Package pdftex.def Info: apresfront.png  used on input line 801.
(pdftex.def)             Requested size: 181.17642pt x 210.78697pt.

Underfull \hbox (badness 10000) in paragraph at lines 808--810

 []


Overfull \hbox (4.36246pt too wide) in paragraph at lines 812--814
[]\T1/lmr/m/n/12 Cette méth-ode de tra-vail a donc per-mis à Lil-ian de coder l
'[][]API[] Ge-nius Lyric afin qu'Etienne
 []


Underfull \hbox (badness 10000) in paragraph at lines 812--814

 []

File: header.png Graphic file (type png)
<use header.png>
Package pdftex.def Info: header.png  used on input line 814.
(pdftex.def)             Requested size: 49.0233pt x 29.3698pt.

Package fancyhdr Warning: \headheight is too small (12.0pt): 
(fancyhdr)                Make it at least 33.71983pt, for example:
(fancyhdr)                \setlength{\headheight}{33.71983pt}.
(fancyhdr)                You might also make \topmargin smaller to compensate:

(fancyhdr)                \addtolength{\topmargin}{-21.71983pt}.

[18 <./avantfront.png> <./apresfront.png>]
<ganttreel.png, id=526, 1018.55531pt x 505.89pt>
File: ganttreel.png Graphic file (type png)
<use ganttreel.png>
Package pdftex.def Info: ganttreel.png  used on input line 819.
(pdftex.def)             Requested size: 509.27641pt x 252.94437pt.

Overfull \hbox (37.24518pt too wide) in paragraph at lines 819--820
 [][] 
 []

File: header.png Graphic file (type png)
<use header.png>
Package pdftex.def Info: header.png  used on input line 831.
(pdftex.def)             Requested size: 49.0233pt x 29.3698pt.

Package fancyhdr Warning: \headheight is too small (12.0pt): 
(fancyhdr)                Make it at least 33.71983pt, for example:
(fancyhdr)                \setlength{\headheight}{33.71983pt}.
(fancyhdr)                You might also make \topmargin smaller to compensate:

(fancyhdr)                \addtolength{\topmargin}{-21.71983pt}.

[19 <./ganttreel.PNG>]
Underfull \hbox (badness 10000) in paragraph at lines 835--836

 []


Underfull \hbox (badness 10000) in paragraph at lines 862--863

 []

<accueil.png, id=538, 1910.13625pt x 952.55875pt>
File: accueil.png Graphic file (type png)
<use accueil.png>
Package pdftex.def Info: accueil.png  used on input line 887.
(pdftex.def)             Requested size: 477.5329pt x 238.1391pt.

Overfull \hbox (5.50166pt too wide) in paragraph at lines 887--888
 [][] 
 []

File: header.png Graphic file (type png)
<use header.png>
Package pdftex.def Info: header.png  used on input line 890.
(pdftex.def)             Requested size: 49.0233pt x 29.3698pt.

Package fancyhdr Warning: \headheight is too small (12.0pt): 
(fancyhdr)                Make it at least 33.71983pt, for example:
(fancyhdr)                \setlength{\headheight}{33.71983pt}.
(fancyhdr)                You might also make \topmargin smaller to compensate:

(fancyhdr)                \addtolength{\topmargin}{-21.71983pt}.

[20]
<rechercheparole.png, id=547, 633.36626pt x 872.25874pt>
File: rechercheparole.png Graphic file (type png)
<use rechercheparole.png>
Package pdftex.def Info: rechercheparole.png  used on input line 898.
(pdftex.def)             Requested size: 158.34117pt x 218.06415pt.
File: header.png Graphic file (type png)
<use header.png>
Package pdftex.def Info: header.png  used on input line 905.
(pdftex.def)             Requested size: 49.0233pt x 29.3698pt.


Package fancyhdr Warning: \headheight is too small (12.0pt): 
(fancyhdr)                Make it at least 33.71983pt, for example:
(fancyhdr)                \setlength{\headheight}{33.71983pt}.
(fancyhdr)                You might also make \topmargin smaller to compensate:

(fancyhdr)                \addtolength{\topmargin}{-21.71983pt}.

[21 <./accueil.png> <./rechercheparole.png>]
<parole.png, id=555, 1341.01pt x 864.22874pt>
File: parole.png Graphic file (type png)
<use parole.png>
Package pdftex.def Info: parole.png  used on input line 910.
(pdftex.def)             Requested size: 201.14282pt x 129.62871pt.
<ytbparole.png, id=556, 1345.025pt x 828.09375pt>
File: ytbparole.png Graphic file (type png)
<use ytbparole.png>
Package pdftex.def Info: ytbparole.png  used on input line 914.
(pdftex.def)             Requested size: 201.74504pt x 124.2087pt.
<optionparole.png, id=557, 1632.0975pt x 831.105pt>
File: optionparole.png Graphic file (type png)
<use optionparole.png>
Package pdftex.def Info: optionparole.png  used on input line 930.
(pdftex.def)             Requested size: 408.02338pt x 207.77574pt.

Underfull \hbox (badness 10000) in paragraph at lines 936--937

 []

File: header.png Graphic file (type png)
<use header.png>
Package pdftex.def Info: header.png  used on input line 938.
(pdftex.def)             Requested size: 49.0233pt x 29.3698pt.

Package fancyhdr Warning: \headheight is too small (12.0pt): 
(fancyhdr)                Make it at least 33.71983pt, for example:
(fancyhdr)                \setlength{\headheight}{33.71983pt}.
(fancyhdr)                You might also make \topmargin smaller to compensate:

(fancyhdr)                \addtolength{\topmargin}{-21.71983pt}.

[22 <./parole.png> <./ytbparole.png> <./optionparole.png>]
Underfull \hbox (badness 10000) in paragraph at lines 942--943

 []

<diffi1.png, id=567, 1334.9875pt x 951.555pt>
File: diffi1.png Graphic file (type png)
<use diffi1.png>
Package pdftex.def Info: diffi1.png  used on input line 952.
(pdftex.def)             Requested size: 200.23949pt x 142.72708pt.
<diffi2.png, id=568, 1339.0025pt x 903.375pt>
File: diffi2.png Graphic file (type png)
<use diffi2.png>
Package pdftex.def Info: diffi2.png  used on input line 956.
(pdftex.def)             Requested size: 200.8417pt x 135.5004pt.
File: header.png Graphic file (type png)
<use header.png>
Package pdftex.def Info: header.png  used on input line 979.
(pdftex.def)             Requested size: 49.0233pt x 29.3698pt.

Package fancyhdr Warning: \headheight is too small (12.0pt): 
(fancyhdr)                Make it at least 33.71983pt, for example:
(fancyhdr)                \setlength{\headheight}{33.71983pt}.
(fancyhdr)                You might also make \topmargin smaller to compensate:

(fancyhdr)                \addtolength{\topmargin}{-21.71983pt}.

[23 <./diffi1.png> <./diffi2.png>]
<inscri1.png, id=577, 684.5575pt x 944.52875pt>
File: inscri1.png Graphic file (type png)
<use inscri1.png>
Package pdftex.def Info: inscri1.png  used on input line 984.
(pdftex.def)             Requested size: 171.13895pt x 236.1316pt.
<inscri2.png, id=578, 684.5575pt x 944.52875pt>
File: inscri2.png Graphic file (type png)
<use inscri2.png>
Package pdftex.def Info: inscri2.png  used on input line 988.
(pdftex.def)             Requested size: 171.13895pt x 236.1316pt.
<connec1.png, id=579, 684.5575pt x 944.52875pt>
File: connec1.png Graphic file (type png)
<use connec1.png>
Package pdftex.def Info: connec1.png  used on input line 1014.
(pdftex.def)             Requested size: 171.13895pt x 236.1316pt.
<connec2.png, id=580, 684.5575pt x 944.52875pt>
File: connec2.png Graphic file (type png)
<use connec2.png>
Package pdftex.def Info: connec2.png  used on input line 1018.
(pdftex.def)             Requested size: 171.13895pt x 236.1316pt.
File: header.png Graphic file (type png)
<use header.png>
Package pdftex.def Info: header.png  used on input line 1022.
(pdftex.def)             Requested size: 49.0233pt x 29.3698pt.


Package fancyhdr Warning: \headheight is too small (12.0pt): 
(fancyhdr)                Make it at least 33.71983pt, for example:
(fancyhdr)                \setlength{\headheight}{33.71983pt}.
(fancyhdr)                You might also make \topmargin smaller to compensate:

(fancyhdr)                \addtolength{\topmargin}{-21.71983pt}.

[24 <./inscri1.png> <./inscri2.png>]
<menu.png, id=589, 1114.1625pt x 944.52875pt>
File: menu.png Graphic file (type png)
<use menu.png>
Package pdftex.def Info: menu.png  used on input line 1033.
(pdftex.def)             Requested size: 233.98103pt x 198.35689pt.

Underfull \hbox (badness 10000) in paragraph at lines 1039--1040

 []

File: header.png Graphic file (type png)
<use header.png>
Package pdftex.def Info: header.png  used on input line 1040.
(pdftex.def)             Requested size: 49.0233pt x 29.3698pt.

Package fancyhdr Warning: \headheight is too small (12.0pt): 
(fancyhdr)                Make it at least 33.71983pt, for example:
(fancyhdr)                \setlength{\headheight}{33.71983pt}.
(fancyhdr)                You might also make \topmargin smaller to compensate:

(fancyhdr)                \addtolength{\topmargin}{-21.71983pt}.

[25 <./connec1.png> <./connec2.png> <./menu.png>]
<dossier1.png, id=598, 393.47pt x 129.48375pt>
File: dossier1.png Graphic file (type png)
<use dossier1.png>
Package pdftex.def Info: dossier1.png  used on input line 1045.
(pdftex.def)             Requested size: 157.38521pt x 51.79257pt.
<dossier2.png, id=599, 395.4775pt x 169.63374pt>
File: dossier2.png Graphic file (type png)
<use dossier2.png>
Package pdftex.def Info: dossier2.png  used on input line 1049.
(pdftex.def)             Requested size: 158.18819pt x 67.85228pt.
<dossier3.png, id=600, 403.5075pt x 394.47375pt>
File: dossier3.png Graphic file (type png)
<use dossier3.png>
Package pdftex.def Info: dossier3.png  used on input line 1067.
(pdftex.def)             Requested size: 161.40013pt x 157.7867pt.

Overfull \hbox (19.78932pt too wide) in paragraph at lines 1067--1068
 [][] 
 []

<dossier4.png, id=601, 461.725pt x 398.48875pt>
File: dossier4.png Graphic file (type png)
<use dossier4.png>
Package pdftex.def Info: dossier4.png  used on input line 1071.
(pdftex.def)             Requested size: 184.68672pt x 159.39267pt.

Overfull \hbox (43.07591pt too wide) in paragraph at lines 1071--1072
 [][] 
 []

<dossier5.png, id=602, 461.725pt x 398.48875pt>
File: dossier5.png Graphic file (type png)
<use dossier5.png>
Package pdftex.def Info: dossier5.png  used on input line 1075.
(pdftex.def)             Requested size: 184.68672pt x 159.39267pt.

Overfull \hbox (43.07591pt too wide) in paragraph at lines 1075--1076
 [][] 
 []

File: header.png Graphic file (type png)
<use header.png>
Package pdftex.def Info: header.png  used on input line 1080.
(pdftex.def)             Requested size: 49.0233pt x 29.3698pt.

Package fancyhdr Warning: \headheight is too small (12.0pt): 
(fancyhdr)                Make it at least 33.71983pt, for example:
(fancyhdr)                \setlength{\headheight}{33.71983pt}.
(fancyhdr)                You might also make \topmargin smaller to compensate:

(fancyhdr)                \addtolength{\topmargin}{-21.71983pt}.

[26 <./dossier1.png> <./dossier2.png> <./dossier3.png> <./dossier4.png> <./doss
ier5.png>]
Underfull \hbox (badness 10000) in paragraph at lines 1085--1087

 []


Underfull \hbox (badness 10000) in paragraph at lines 1088--1090

 []


Underfull \hbox (badness 10000) in paragraph at lines 1092--1094

 []


Underfull \hbox (badness 10000) in paragraph at lines 1095--1097

 []

File: header.png Graphic file (type png)
<use header.png>
Package pdftex.def Info: header.png  used on input line 1102.
(pdftex.def)             Requested size: 49.0233pt x 29.3698pt.

Package fancyhdr Warning: \headheight is too small (12.0pt): 
(fancyhdr)                Make it at least 33.71983pt, for example:
(fancyhdr)                \setlength{\headheight}{33.71983pt}.
(fancyhdr)                You might also make \topmargin smaller to compensate:

(fancyhdr)                \addtolength{\topmargin}{-21.71983pt}.

[27]
File: header.png Graphic file (type png)
<use header.png>
Package pdftex.def Info: header.png  used on input line 1122.
(pdftex.def)             Requested size: 49.0233pt x 29.3698pt.


Package fancyhdr Warning: \headheight is too small (12.0pt): 
(fancyhdr)                Make it at least 33.71983pt, for example:
(fancyhdr)                \setlength{\headheight}{33.71983pt}.
(fancyhdr)                You might also make \topmargin smaller to compensate:

(fancyhdr)                \addtolength{\topmargin}{-21.71983pt}.

[28]
Underfull \hbox (badness 10000) in paragraph at lines 1128--1139

 []


Underfull \hbox (badness 10000) in paragraph at lines 1128--1139

 []


Underfull \hbox (badness 10000) in paragraph at lines 1128--1139

 []


Underfull \hbox (badness 10000) in paragraph at lines 1128--1139

 []


Underfull \hbox (badness 10000) in paragraph at lines 1128--1139

 []


Underfull \hbox (badness 10000) in paragraph at lines 1128--1139

 []


Underfull \hbox (badness 10000) in paragraph at lines 1128--1139

 []


Underfull \hbox (badness 10000) in paragraph at lines 1128--1139

 []


Underfull \hbox (badness 10000) in paragraph at lines 1128--1139

 []


Underfull \hbox (badness 10000) in paragraph at lines 1128--1139

 []


Underfull \hbox (badness 10000) in paragraph at lines 1128--1139

 []

(./rapport.gls
Overfull \hbox (13.62141pt too wide) in paragraph at lines 8--8
\T1/lmr/m/n/12 per-me-t-tant à dif-férents logi-ciels de com-mu-ni-quer en-tre 
eux. Elle per-met à des développeurs
 []

File: header.png Graphic file (type png)
<use header.png>
Package pdftex.def Info: header.png  used on input line 21.
(pdftex.def)             Requested size: 49.0233pt x 29.3698pt.

Package fancyhdr Warning: \headheight is too small (12.0pt): 
(fancyhdr)                Make it at least 33.71983pt, for example:
(fancyhdr)                \setlength{\headheight}{33.71983pt}.
(fancyhdr)                You might also make \topmargin smaller to compensate:

(fancyhdr)                \addtolength{\topmargin}{-21.71983pt}.

[29]
File: header.png Graphic file (type png)
<use header.png>
Package pdftex.def Info: header.png  used on input line 62.
(pdftex.def)             Requested size: 49.0233pt x 29.3698pt.


Package fancyhdr Warning: \headheight is too small (12.0pt): 
(fancyhdr)                Make it at least 33.71983pt, for example:
(fancyhdr)                \setlength{\headheight}{33.71983pt}.
(fancyhdr)                You might also make \topmargin smaller to compensate:

(fancyhdr)                \addtolength{\topmargin}{-21.71983pt}.

[30]
Overfull \hbox (5.73607pt too wide) in paragraph at lines 75--79
\T1/lmr/m/n/12 isées sous forme d'un tableau où les colonnes cor-re-spon-dent à
 des caté-gories d'information
 []


Overfull \hbox (2.2376pt too wide) in paragraph at lines 81--81
\T1/lmr/m/n/12 par Mi-crosoft qui a pour but d'améliorer et de sécuriser la pro
-duc-tion de code JavaScript.
 []

) 
AED: lastpage setting LastPage
File: header.png Graphic file (type png)
<use header.png>
Package pdftex.def Info: header.png  used on input line 1146.
(pdftex.def)             Requested size: 49.0233pt x 29.3698pt.

Package fancyhdr Warning: \headheight is too small (12.0pt): 
(fancyhdr)                Make it at least 33.71983pt, for example:
(fancyhdr)                \setlength{\headheight}{33.71983pt}.
(fancyhdr)                You might also make \topmargin smaller to compensate:

(fancyhdr)                \addtolength{\topmargin}{-21.71983pt}.

[31] (./rapport.aux)
Package rerunfilecheck Info: File `rapport.out' has not changed.
(rerunfilecheck)             Checksum: 6D12C00A5A8F487FD37EA9C6225CF940;6265.
 ) 
Here is how much of TeX's memory you used:
 18934 strings out of 478287
 305532 string characters out of 5849289
 815800 words of memory out of 5000000
 36635 multiletter control sequences out of 15000+600000
 511238 words of font info for 56 fonts, out of 8000000 for 9000
 1141 hyphenation exceptions out of 8191
 95i,16n,92p,1417b,639s stack positions out of 5000i,500n,10000p,200000b,80000s
{/usr/share/texmf/fonts/enc/dvips/lm/lm-ec.enc}{/usr/share/texmf/fonts/enc/dv
ips/lm/lm-ts1.enc}</usr/share/texmf/fonts/type1/public/lm/lmbx12.pfb></usr/shar
e/texmf/fonts/type1/public/lm/lmr12.pfb></usr/share/texmf/fonts/type1/public/lm
/lmr17.pfb></usr/share/texmf/fonts/type1/public/lm/lmri12.pfb>
Output written on rapport.pdf (32 pages, 2027718 bytes).
PDF statistics:
 771 PDF objects out of 1000 (max. 8388607)
 669 compressed objects within 7 object streams
 132 named destinations out of 1000 (max. 500000)
 450 words of extra memory for PDF output out of 10000 (max. 10000000)

